  [1m[36mSQL (0.3ms)[0m  [1m SELECT name
 FROM sqlite_master
 WHERE type = 'table' AND NOT name = 'sqlite_sequence'
[0m
  [1m[35mSQL (0.1ms)[0m  select sqlite_version(*)
  [1m[36mSQL (134.5ms)[0m  [1mCREATE TABLE "schema_migrations" ("version" varchar(255) NOT NULL) [0m
  [1m[35mSQL (0.1ms)[0m  PRAGMA index_list("schema_migrations")
  [1m[36mSQL (92.2ms)[0m  [1mCREATE UNIQUE INDEX "unique_schema_migrations" ON "schema_migrations" ("version")[0m
  [1m[35mSQL (0.1ms)[0m   SELECT name
 FROM sqlite_master
 WHERE type = 'table' AND NOT name = 'sqlite_sequence'
  [1m[36mSQL (0.1ms)[0m  [1m SELECT name
 FROM sqlite_master
 WHERE type = 'table' AND NOT name = 'sqlite_sequence'
[0m
  [1m[35mSQL (0.1ms)[0m  SELECT "schema_migrations"."version" FROM "schema_migrations"
Migrating to CreateUsers (20121023195128)
  [1m[36mSQL (0.3ms)[0m  [1mCREATE TABLE "users" ("id" INTEGER PRIMARY KEY AUTOINCREMENT NOT NULL, "username" varchar(255), "email" varchar(255), "encrypted_password" varchar(255), "salt" varchar(255), "created_at" datetime, "updated_at" datetime) [0m
  [1m[35mSQL (0.1ms)[0m  INSERT INTO "schema_migrations" ("version") VALUES ('20121023195128')
  [1m[36mSQL (0.2ms)[0m  [1m SELECT name
 FROM sqlite_master
 WHERE type = 'table' AND NOT name = 'sqlite_sequence'
[0m
  [1m[35mSQL (0.1ms)[0m  SELECT "schema_migrations"."version" FROM "schema_migrations"
  [1m[36mSQL (0.1ms)[0m  [1m SELECT name
 FROM sqlite_master
 WHERE type = 'table' AND NOT name = 'sqlite_sequence'
[0m
  [1m[35mSQL (0.0ms)[0m  PRAGMA index_list("users")


Started GET "/users/new" for 108.68.106.39 at 2012-10-23 13:02:07 -0700
  Processing by UsersController#new as HTML
Rendered users/new.html.erb within layouts/application (11.5ms)
Completed   in 21ms

ActionView::Template::Error (No route matches {:controller=>"users", :action=>"create"}):
    1: <% @page_title = "UserAuth | Signup" %>
    2: <div class="Sign_Form">
    3:   <h1>Sign Up</h1>
    4:   <%= form_for(:user, :url => {:controller => 'users', :action => 'create'}) do |f| %>
    5:     <p> Username:</br> <%= f.text_field :username%> </p>
    6:     <p> Email:</br> <%= f.text_field :email%> </p>
    7:     <p> Password:</br> <%= f.password_field :password%></p>
  app/views/users/new.html.erb:4:in `_app_views_users_new_html_erb__3868964464146315505_23224700_1229958292428508090'

Rendered /usr/local/lib/ruby/gems/1.9.1/gems/actionpack-3.0.7/lib/action_dispatch/middleware/templates/rescues/_trace.erb (1.0ms)
Rendered /usr/local/lib/ruby/gems/1.9.1/gems/actionpack-3.0.7/lib/action_dispatch/middleware/templates/rescues/_request_and_response.erb (27.4ms)
Rendered /usr/local/lib/ruby/gems/1.9.1/gems/actionpack-3.0.7/lib/action_dispatch/middleware/templates/rescues/template_error.erb within rescues/layout (32.1ms)
  [1m[36mSQL (0.4ms)[0m  [1m SELECT name
 FROM sqlite_master
 WHERE type = 'table' AND NOT name = 'sqlite_sequence'
[0m
  [1m[35mSQL (0.1ms)[0m   SELECT name
 FROM sqlite_master
 WHERE type = 'table' AND NOT name = 'sqlite_sequence'
  [1m[36mSQL (0.1ms)[0m  [1mSELECT "schema_migrations"."version" FROM "schema_migrations"[0m
Migrating to CreateUsers (20121023195128)
  [1m[35mSQL (0.1ms)[0m  select sqlite_version(*)
  [1m[36mSQL (0.1ms)[0m  [1m SELECT name
 FROM sqlite_master
 WHERE type = 'table' AND NOT name = 'sqlite_sequence'
[0m
  [1m[35mSQL (0.1ms)[0m  SELECT "schema_migrations"."version" FROM "schema_migrations"
  [1m[36mSQL (0.1ms)[0m  [1m SELECT name
 FROM sqlite_master
 WHERE type = 'table' AND NOT name = 'sqlite_sequence'
[0m
  [1m[35mSQL (0.0ms)[0m  PRAGMA index_list("users")


Started GET "/users/new" for 108.68.106.39 at 2012-10-23 13:03:30 -0700
  Processing by UsersController#new as HTML
Rendered users/new.html.erb within layouts/application (17.2ms)
Completed   in 27ms

ActionView::Template::Error (undefined method `password' for #<User:0x000000025c0e70>):
    4:   <%= form_for(:user, :url => {:controller => 'users', :action => 'create'}) do |f| %>
    5:     <p> Username:</br> <%= f.text_field :username%> </p>
    6:     <p> Email:</br> <%= f.text_field :email%> </p>
    7:     <p> Password:</br> <%= f.password_field :password%></p>
    8:     <p> Password Confirmation:</br> <%= f.password_field :password_confirmation%> </p>
    9:     <%= f.submit :Signup %>
    10:   <% end %>
  app/views/users/new.html.erb:7:in `block in _app_views_users_new_html_erb__2463317139759052694_19580660__2445091138437561309'
  app/views/users/new.html.erb:4:in `_app_views_users_new_html_erb__2463317139759052694_19580660__2445091138437561309'

Rendered /usr/local/lib/ruby/gems/1.9.1/gems/actionpack-3.0.7/lib/action_dispatch/middleware/templates/rescues/_trace.erb (1.0ms)
Rendered /usr/local/lib/ruby/gems/1.9.1/gems/actionpack-3.0.7/lib/action_dispatch/middleware/templates/rescues/_request_and_response.erb (2.7ms)
Rendered /usr/local/lib/ruby/gems/1.9.1/gems/actionpack-3.0.7/lib/action_dispatch/middleware/templates/rescues/template_error.erb within rescues/layout (6.8ms)


Started GET "/users/new" for 108.68.106.39 at 2012-10-23 13:04:42 -0700
  Processing by UsersController#new as HTML
Rendered users/new.html.erb within layouts/application (7.3ms)
Completed 200 OK in 19ms (Views: 10.0ms | ActiveRecord: 0.0ms)


Started GET "/users/new" for 108.68.106.39 at 2012-10-23 13:12:34 -0700
  Processing by UsersController#new as HTML
Rendered users/new.html.erb within layouts/application (8.5ms)
Completed 200 OK in 43ms (Views: 11.3ms | ActiveRecord: 0.0ms)


Started GET "/login" for 108.68.106.39 at 2012-10-23 13:42:05 -0700
  Processing by SessionsController#login as HTML
Rendered sessions/login.html.erb within layouts/application (33.4ms)
Completed   in 37ms

ActionView::Template::Error (undefined method `username' for nil:NilClass):
    8: </head>
    9: <body>
    10: 
    11: <h2 class='User_Header'> <%=@current_user.username%> Profile <h2>
    12: 
    13: <%= yield %>
    14: 
  app/views/layouts/application.html.erb:11:in `_app_views_layouts_application_html_erb__2725859226461733514_17071320__1685974908307187493'

Rendered /usr/local/lib/ruby/gems/1.9.1/gems/actionpack-3.0.7/lib/action_dispatch/middleware/templates/rescues/_trace.erb (1.0ms)
Rendered /usr/local/lib/ruby/gems/1.9.1/gems/actionpack-3.0.7/lib/action_dispatch/middleware/templates/rescues/_request_and_response.erb (2.8ms)
Rendered /usr/local/lib/ruby/gems/1.9.1/gems/actionpack-3.0.7/lib/action_dispatch/middleware/templates/rescues/template_error.erb within rescues/layout (6.8ms)


Started GET "/sessions" for 108.68.106.39 at 2012-10-23 13:42:21 -0700

AbstractController::ActionNotFound (The action 'index' could not be found for SessionsController):
  

Rendered /usr/local/lib/ruby/gems/1.9.1/gems/actionpack-3.0.7/lib/action_dispatch/middleware/templates/rescues/unknown_action.erb within rescues/layout (0.8ms)


Started GET "/sessions/login" for 108.68.106.39 at 2012-10-23 13:42:24 -0700
  Processing by SessionsController#login as HTML
Rendered sessions/login.html.erb within layouts/application (2.3ms)
Completed   in 5ms

ActionView::Template::Error (undefined method `username' for nil:NilClass):
    8: </head>
    9: <body>
    10: 
    11: <h2 class='User_Header'> <%=@current_user.username%> Profile <h2>
    12: 
    13: <%= yield %>
    14: 
  app/views/layouts/application.html.erb:11:in `_app_views_layouts_application_html_erb__2725859226461733514_26570020__1685974908307187493'

Rendered /usr/local/lib/ruby/gems/1.9.1/gems/actionpack-3.0.7/lib/action_dispatch/middleware/templates/rescues/_trace.erb (1.0ms)
Rendered /usr/local/lib/ruby/gems/1.9.1/gems/actionpack-3.0.7/lib/action_dispatch/middleware/templates/rescues/_request_and_response.erb (2.7ms)
Rendered /usr/local/lib/ruby/gems/1.9.1/gems/actionpack-3.0.7/lib/action_dispatch/middleware/templates/rescues/template_error.erb within rescues/layout (6.6ms)


Started GET "/sessions/login" for 108.68.106.39 at 2012-10-23 13:44:02 -0700
  Processing by SessionsController#login as HTML
Rendered sessions/login.html.erb within layouts/application (2.3ms)
Completed 200 OK in 6ms (Views: 4.9ms | ActiveRecord: 0.0ms)


Started GET "/" for 108.68.106.39 at 2012-10-23 13:44:40 -0700
  Processing by SessionsController#login as HTML
Rendered sessions/login.html.erb within layouts/application (2.4ms)
Completed 200 OK in 5ms (Views: 5.0ms | ActiveRecord: 0.0ms)


Started GET "/users/new" for 108.68.106.39 at 2012-10-23 13:44:52 -0700
  Processing by UsersController#new as HTML
Rendered users/new.html.erb within layouts/application (7.9ms)
Completed 200 OK in 22ms (Views: 11.0ms | ActiveRecord: 0.0ms)


Started POST "/users/create" for 108.68.106.39 at 2012-10-23 13:45:12 -0700
  Processing by UsersController#create as HTML
  Parameters: {"utf8"=>"✓", "authenticity_token"=>"oNONl0vbWDhGE8e7tQhglDRSsGM18IlaldLDw1v4cLY=", "user"=>{"username"=>"firstuser", "email"=>"someemail", "password"=>"[FILTERED]", "password_confirmation"=>"[FILTERED]"}, "commit"=>"Signup"}
  [1m[36mSQL (0.2ms)[0m  [1mSELECT 1 FROM "users" WHERE ("users"."username" = 'firstuser') LIMIT 1[0m
  [1m[35mSQL (0.1ms)[0m  SELECT 1 FROM "users" WHERE ("users"."email" = 'someemail') LIMIT 1
Rendered users/new.html.erb within layouts/application (3.6ms)
Completed 200 OK in 112ms (Views: 6.2ms | ActiveRecord: 0.2ms)


Started POST "/users/create" for 108.68.106.39 at 2012-10-23 13:45:22 -0700
  Processing by UsersController#create as HTML
  Parameters: {"utf8"=>"✓", "authenticity_token"=>"oNONl0vbWDhGE8e7tQhglDRSsGM18IlaldLDw1v4cLY=", "user"=>{"username"=>"firstuser", "email"=>"some@email.com", "password"=>"[FILTERED]", "password_confirmation"=>"[FILTERED]"}, "commit"=>"Signup"}
  [1m[36mSQL (0.1ms)[0m  [1mSELECT 1 FROM "users" WHERE ("users"."username" = 'firstuser') LIMIT 1[0m
  [1m[35mSQL (0.1ms)[0m  SELECT 1 FROM "users" WHERE ("users"."email" = 'some@email.com') LIMIT 1
  [1m[36mSQL (0.1ms)[0m  [1m SELECT name
 FROM sqlite_master
 WHERE type = 'table' AND NOT name = 'sqlite_sequence'
[0m
  [1m[35mAREL (0.3ms)[0m  INSERT INTO "users" ("username", "email", "encrypted_password", "salt", "created_at", "updated_at") VALUES ('firstuser', 'some@email.com', '$2a$10$hvmanFz0boDarOKe9OHY3Ox2Jz3FplxFArOv1jTrtuoayUTv.ccry', '$2a$10$hvmanFz0boDarOKe9OHY3O', '2012-10-23 20:45:22.279755', '2012-10-23 20:45:22.279755')
Rendered users/new.html.erb within layouts/application (3.0ms)
Completed 200 OK in 305ms (Views: 5.6ms | ActiveRecord: 0.6ms)
  [1m[36mUser Load (0.4ms)[0m  [1mSELECT "users".* FROM "users"[0m


Started GET "/" for 108.68.106.39 at 2012-10-23 13:45:51 -0700
  Processing by SessionsController#login as HTML
Rendered sessions/login.html.erb within layouts/application (2.3ms)
Completed 200 OK in 5ms (Views: 4.8ms | ActiveRecord: 0.0ms)


Started POST "/sessions/login_attempt" for 108.68.106.39 at 2012-10-23 13:45:57 -0700
  Processing by SessionsController#login_attempt as HTML
  Parameters: {"utf8"=>"✓", "authenticity_token"=>"oNONl0vbWDhGE8e7tQhglDRSsGM18IlaldLDw1v4cLY=", "username_or_email"=>"firstuer", "login_password"=>"[FILTERED]", "commit"=>"Log In"}
  [1m[36mUser Load (0.2ms)[0m  [1mSELECT "users".* FROM "users" WHERE "users"."username" = 'firstuer' LIMIT 1[0m
Rendered sessions/login.html.erb within layouts/application (2.3ms)
Completed 200 OK in 65ms (Views: 4.8ms | ActiveRecord: 0.2ms)


Started GET "/" for 108.68.106.39 at 2012-10-23 13:46:01 -0700
  Processing by SessionsController#login as HTML
Rendered sessions/login.html.erb within layouts/application (2.2ms)
Completed 200 OK in 5ms (Views: 4.9ms | ActiveRecord: 0.0ms)


Started GET "/home" for 108.68.106.39 at 2012-10-23 13:46:11 -0700
  Processing by SessionsController#home as HTML
Redirected to http://ribosome.stanford.edu:8080/
Completed 302 Found in 1ms


Started GET "/" for 108.68.106.39 at 2012-10-23 13:46:11 -0700
  Processing by SessionsController#login as HTML
Rendered sessions/login.html.erb within layouts/application (2.5ms)
Completed 200 OK in 6ms (Views: 5.2ms | ActiveRecord: 0.0ms)


Started GET "/users" for 108.68.106.39 at 2012-10-23 13:49:30 -0700

AbstractController::ActionNotFound (The action 'index' could not be found for UsersController):
  

Rendered /usr/local/lib/ruby/gems/1.9.1/gems/actionpack-3.0.7/lib/action_dispatch/middleware/templates/rescues/unknown_action.erb within rescues/layout (0.6ms)
  [1m[36mUser Load (0.4ms)[0m  [1mSELECT "users".* FROM "users"[0m


Started GET "/users" for 108.68.106.39 at 2012-10-23 13:51:12 -0700
  Processing by UsersController#index as HTML
  [1m[35mUser Load (0.3ms)[0m  SELECT "users".* FROM "users"
Rendered users/index.html.erb within layouts/application (20.9ms)
Completed 200 OK in 24ms (Views: 23.1ms | ActiveRecord: 0.3ms)


Started GET "/users" for 108.68.106.39 at 2012-10-23 13:51:30 -0700
  Processing by UsersController#index as HTML
  [1m[36mUser Load (0.3ms)[0m  [1mSELECT "users".* FROM "users"[0m
Rendered users/index.html.erb within layouts/application (38.3ms)
Completed 200 OK in 41ms (Views: 40.3ms | ActiveRecord: 0.3ms)


Started GET "/users" for 108.68.106.39 at 2012-10-23 13:51:35 -0700
  Processing by UsersController#index as HTML
  [1m[35mUser Load (0.4ms)[0m  SELECT "users".* FROM "users"
Rendered users/index.html.erb within layouts/application (14.0ms)
Completed 200 OK in 17ms (Views: 16.1ms | ActiveRecord: 0.4ms)


Started GET "/users" for 108.68.106.39 at 2012-10-23 13:51:40 -0700
  Processing by UsersController#index as HTML
  [1m[36mUser Load (0.3ms)[0m  [1mSELECT "users".* FROM "users"[0m
Rendered users/index.html.erb within layouts/application (13.8ms)
Completed 200 OK in 17ms (Views: 15.9ms | ActiveRecord: 0.3ms)


Started GET "/users" for 108.68.106.39 at 2012-10-23 13:51:44 -0700
  Processing by UsersController#index as HTML
  [1m[35mUser Load (0.3ms)[0m  SELECT "users".* FROM "users"
Rendered users/index.html.erb within layouts/application (45.9ms)
Completed 200 OK in 49ms (Views: 48.1ms | ActiveRecord: 0.3ms)


Started GET "/profile" for 108.68.106.39 at 2012-10-23 13:52:27 -0700
  Processing by SessionsController#profile as HTML
Redirected to http://ribosome.stanford.edu:8080/
Completed 302 Found in 1ms


Started GET "/" for 108.68.106.39 at 2012-10-23 13:52:27 -0700
  Processing by SessionsController#login as HTML
Rendered sessions/login.html.erb within layouts/application (2.3ms)
Completed 200 OK in 5ms (Views: 4.9ms | ActiveRecord: 0.0ms)


Started POST "/sessions/login_attempt" for 108.68.106.39 at 2012-10-23 13:52:37 -0700
  Processing by SessionsController#login_attempt as HTML
  Parameters: {"utf8"=>"✓", "authenticity_token"=>"oNONl0vbWDhGE8e7tQhglDRSsGM18IlaldLDw1v4cLY=", "username_or_email"=>"firstuser", "login_password"=>"[FILTERED]", "commit"=>"Log In"}
  [1m[36mUser Load (0.2ms)[0m  [1mSELECT "users".* FROM "users" WHERE "users"."username" = 'firstuser' LIMIT 1[0m
Redirected to http://ribosome.stanford.edu:8080/home
Completed 302 Found in 137ms


Started GET "/home" for 108.68.106.39 at 2012-10-23 13:52:37 -0700
  Processing by SessionsController#home as HTML
  [1m[35mUser Load (0.1ms)[0m  SELECT "users".* FROM "users" WHERE "users"."id" = 1 LIMIT 1
Rendered sessions/home.html.erb within layouts/application (8.3ms)
Completed 200 OK in 22ms (Views: 11.1ms | ActiveRecord: 0.1ms)


Started GET "/home" for 108.68.106.39 at 2012-10-23 13:52:42 -0700
  Processing by SessionsController#home as HTML
  [1m[36mUser Load (0.1ms)[0m  [1mSELECT "users".* FROM "users" WHERE "users"."id" = 1 LIMIT 1[0m
Rendered sessions/home.html.erb within layouts/application (32.6ms)
Completed 200 OK in 47ms (Views: 35.5ms | ActiveRecord: 0.1ms)


Started GET "/" for 108.68.106.39 at 2012-10-23 13:52:46 -0700
  Processing by SessionsController#login as HTML
Redirected to http://ribosome.stanford.edu:8080/home
Completed 302 Found in 1ms


Started GET "/home" for 108.68.106.39 at 2012-10-23 13:52:46 -0700
  Processing by SessionsController#home as HTML
  [1m[35mUser Load (0.1ms)[0m  SELECT "users".* FROM "users" WHERE "users"."id" = 1 LIMIT 1
Rendered sessions/home.html.erb within layouts/application (8.2ms)
Completed 200 OK in 22ms (Views: 11.0ms | ActiveRecord: 0.3ms)


Started GET "/users" for 108.68.106.39 at 2012-10-23 13:52:57 -0700
  Processing by UsersController#index as HTML
  [1m[36mUser Load (0.5ms)[0m  [1mSELECT "users".* FROM "users"[0m
Rendered users/index.html.erb within layouts/application (46.1ms)
Completed 200 OK in 49ms (Views: 48.0ms | ActiveRecord: 0.5ms)


Started GET "/home" for 108.68.106.39 at 2012-10-23 13:53:02 -0700
  Processing by SessionsController#home as HTML
  [1m[35mUser Load (0.1ms)[0m  SELECT "users".* FROM "users" WHERE "users"."id" = 1 LIMIT 1
Rendered sessions/home.html.erb within layouts/application (8.2ms)
Completed 200 OK in 22ms (Views: 10.9ms | ActiveRecord: 0.1ms)


Started GET "/setting" for 108.68.106.39 at 2012-10-23 13:53:12 -0700
  Processing by SessionsController#setting as HTML
  [1m[36mUser Load (0.1ms)[0m  [1mSELECT "users".* FROM "users" WHERE "users"."id" = 1 LIMIT 1[0m
Rendered sessions/setting.html.erb within layouts/application (8.6ms)
Completed 200 OK in 47ms (Views: 35.5ms | ActiveRecord: 0.1ms)


Started GET "/signup" for 108.68.106.39 at 2012-10-23 13:53:19 -0700
  Processing by UsersController#new as HTML
Redirected to http://ribosome.stanford.edu:8080/home
Completed 302 Found in 1ms


Started GET "/home" for 108.68.106.39 at 2012-10-23 13:53:19 -0700
  Processing by SessionsController#home as HTML
  [1m[35mUser Load (0.1ms)[0m  SELECT "users".* FROM "users" WHERE "users"."id" = 1 LIMIT 1
Rendered sessions/home.html.erb within layouts/application (8.2ms)
Completed 200 OK in 22ms (Views: 10.8ms | ActiveRecord: 0.1ms)


Started GET "/logout" for 108.68.106.39 at 2012-10-23 13:53:23 -0700
  Processing by SessionsController#logout as HTML
Redirected to http://ribosome.stanford.edu:8080/
Completed 302 Found in 1ms


Started GET "/" for 108.68.106.39 at 2012-10-23 13:53:24 -0700
  Processing by SessionsController#login as HTML
Rendered sessions/login.html.erb within layouts/application (2.3ms)
Completed 200 OK in 5ms (Views: 4.8ms | ActiveRecord: 0.0ms)


Started GET "/home" for 108.68.106.39 at 2012-10-23 13:53:28 -0700
  Processing by SessionsController#home as HTML
Redirected to http://ribosome.stanford.edu:8080/
Completed 302 Found in 1ms


Started GET "/" for 108.68.106.39 at 2012-10-23 13:53:28 -0700
  Processing by SessionsController#login as HTML
Rendered sessions/login.html.erb within layouts/application (2.4ms)
Completed 200 OK in 5ms (Views: 4.9ms | ActiveRecord: 0.0ms)


Started POST "/sessions/login_attempt" for 108.68.106.39 at 2012-10-23 13:53:34 -0700
  Processing by SessionsController#login_attempt as HTML
  Parameters: {"utf8"=>"✓", "authenticity_token"=>"oNONl0vbWDhGE8e7tQhglDRSsGM18IlaldLDw1v4cLY=", "username_or_email"=>"asdf", "login_password"=>"[FILTERED]", "commit"=>"Log In"}
  [1m[36mUser Load (0.1ms)[0m  [1mSELECT "users".* FROM "users" WHERE "users"."username" = 'asdf' LIMIT 1[0m
Rendered sessions/login.html.erb within layouts/application (26.8ms)
Completed 200 OK in 43ms (Views: 29.7ms | ActiveRecord: 0.1ms)


Started POST "/sessions/login_attempt" for 108.68.106.39 at 2012-10-23 13:53:42 -0700
  Processing by SessionsController#login_attempt as HTML
  Parameters: {"utf8"=>"✓", "authenticity_token"=>"oNONl0vbWDhGE8e7tQhglDRSsGM18IlaldLDw1v4cLY=", "username_or_email"=>"firstuser", "login_password"=>"[FILTERED]", "commit"=>"Log In"}
  [1m[35mUser Load (0.2ms)[0m  SELECT "users".* FROM "users" WHERE "users"."username" = 'firstuser' LIMIT 1
Redirected to http://ribosome.stanford.edu:8080/home
Completed 302 Found in 113ms


Started GET "/home" for 108.68.106.39 at 2012-10-23 13:53:42 -0700
  Processing by SessionsController#home as HTML
  [1m[36mUser Load (0.1ms)[0m  [1mSELECT "users".* FROM "users" WHERE "users"."id" = 1 LIMIT 1[0m
Rendered sessions/home.html.erb within layouts/application (8.1ms)
Completed 200 OK in 22ms (Views: 10.9ms | ActiveRecord: 0.1ms)


Started GET "/home" for 108.68.106.39 at 2012-10-23 13:54:52 -0700
  Processing by SessionsController#home as HTML
  [1m[35mUser Load (0.1ms)[0m  SELECT "users".* FROM "users" WHERE "users"."id" = 1 LIMIT 1
ERROR: compiling _app_views_layouts_application_html_erb__2725859226461733514_28222940__1685974908307187493 RAISED /home/jesserod/gweb/app/views/layouts/application.html.erb:12: unterminated string meets end of file
/home/jesserod/gweb/app/views/layouts/application.html.erb:12: syntax error, unexpected $end, expecting ')'
Function body:           def _app_views_layouts_application_html_erb__2725859226461733514_28222940__1685974908307187493(local_assigns)
            _old_virtual_path, @_virtual_path = @_virtual_path, "layouts/application";_old_output_buffer = @output_buffer;;@output_buffer = ActionView::OutputBuffer.new;@output_buffer.safe_concat('<!DOCTYPE html>
<html>
<head>
  <title>AppWithUserAuth</title>
  ');@output_buffer.append= ( stylesheet_link_tag :all );@output_buffer.safe_concat('
');@output_buffer.safe_concat('  ');@output_buffer.append= ( javascript_include_tag :defaults );@output_buffer.safe_concat('
');@output_buffer.safe_concat('  ');@output_buffer.append= ( csrf_meta_tag );@output_buffer.safe_concat('
');@output_buffer.safe_concat('</head>
<body>

'); if session[:user_id] 
@output_buffer.safe_concat('<h2 class=\'User_Header\'> ');@output_buffer.append= ("LOGGED IN AS #{User.find session[:user_id].username});@output_buffer.safe_concat(' Profile <h2>
'); end 
@output_buffer.safe_concat('

');@output_buffer.append= ( yield );@output_buffer.safe_concat('
');@output_buffer.safe_concat('
</body>
</html>
');@output_buffer.to_s
          ensure
            @_virtual_path, @output_buffer = _old_virtual_path, _old_output_buffer
          end
Backtrace: /usr/local/lib/ruby/gems/1.9.1/gems/actionpack-3.0.7/lib/action_view/template.rb:255:in `module_eval'
/usr/local/lib/ruby/gems/1.9.1/gems/actionpack-3.0.7/lib/action_view/template.rb:255:in `compile'
/usr/local/lib/ruby/gems/1.9.1/gems/actionpack-3.0.7/lib/action_view/template.rb:134:in `block in render'
/usr/local/lib/ruby/gems/1.9.1/gems/activesupport-3.0.7/lib/active_support/notifications.rb:54:in `instrument'
/usr/local/lib/ruby/gems/1.9.1/gems/actionpack-3.0.7/lib/action_view/template.rb:127:in `render'
/usr/local/lib/ruby/gems/1.9.1/gems/actionpack-3.0.7/lib/action_view/render/layouts.rb:80:in `_render_layout'
/usr/local/lib/ruby/gems/1.9.1/gems/actionpack-3.0.7/lib/action_view/render/rendering.rb:62:in `block in _render_template'
/usr/local/lib/ruby/gems/1.9.1/gems/activesupport-3.0.7/lib/active_support/notifications.rb:52:in `block in instrument'
/usr/local/lib/ruby/gems/1.9.1/gems/activesupport-3.0.7/lib/active_support/notifications/instrumenter.rb:21:in `instrument'
/usr/local/lib/ruby/gems/1.9.1/gems/activesupport-3.0.7/lib/active_support/notifications.rb:52:in `instrument'
/usr/local/lib/ruby/gems/1.9.1/gems/actionpack-3.0.7/lib/action_view/render/rendering.rb:56:in `_render_template'
/usr/local/lib/ruby/gems/1.9.1/gems/actionpack-3.0.7/lib/action_view/render/rendering.rb:26:in `render'
/usr/local/lib/ruby/gems/1.9.1/gems/actionpack-3.0.7/lib/abstract_controller/rendering.rb:115:in `_render_template'
/usr/local/lib/ruby/gems/1.9.1/gems/actionpack-3.0.7/lib/abstract_controller/rendering.rb:109:in `render_to_body'
/usr/local/lib/ruby/gems/1.9.1/gems/actionpack-3.0.7/lib/action_controller/metal/renderers.rb:47:in `render_to_body'
/usr/local/lib/ruby/gems/1.9.1/gems/actionpack-3.0.7/lib/action_controller/metal/compatibility.rb:55:in `render_to_body'
/usr/local/lib/ruby/gems/1.9.1/gems/actionpack-3.0.7/lib/abstract_controller/rendering.rb:102:in `render_to_string'
/usr/local/lib/ruby/gems/1.9.1/gems/actionpack-3.0.7/lib/abstract_controller/rendering.rb:93:in `render'
/usr/local/lib/ruby/gems/1.9.1/gems/actionpack-3.0.7/lib/action_controller/metal/rendering.rb:17:in `render'
/usr/local/lib/ruby/gems/1.9.1/gems/actionpack-3.0.7/lib/action_controller/metal/instrumentation.rb:40:in `block (2 levels) in render'
/usr/local/lib/ruby/gems/1.9.1/gems/activesupport-3.0.7/lib/active_support/core_ext/benchmark.rb:5:in `block in ms'
/usr/local/lib/ruby/1.9.1/benchmark.rb:309:in `realtime'
/usr/local/lib/ruby/gems/1.9.1/gems/activesupport-3.0.7/lib/active_support/core_ext/benchmark.rb:5:in `ms'
/usr/local/lib/ruby/gems/1.9.1/gems/actionpack-3.0.7/lib/action_controller/metal/instrumentation.rb:40:in `block in render'
/usr/local/lib/ruby/gems/1.9.1/gems/actionpack-3.0.7/lib/action_controller/metal/instrumentation.rb:78:in `cleanup_view_runtime'
/usr/local/lib/ruby/gems/1.9.1/gems/activerecord-3.0.7/lib/active_record/railties/controller_runtime.rb:15:in `cleanup_view_runtime'
/usr/local/lib/ruby/gems/1.9.1/gems/actionpack-3.0.7/lib/action_controller/metal/instrumentation.rb:39:in `render'
/usr/local/lib/ruby/gems/1.9.1/gems/actionpack-3.0.7/lib/action_controller/metal/implicit_render.rb:14:in `default_render'
/usr/local/lib/ruby/gems/1.9.1/gems/actionpack-3.0.7/lib/action_controller/metal/implicit_render.rb:6:in `send_action'
/usr/local/lib/ruby/gems/1.9.1/gems/actionpack-3.0.7/lib/abstract_controller/base.rb:150:in `process_action'
/usr/local/lib/ruby/gems/1.9.1/gems/actionpack-3.0.7/lib/action_controller/metal/rendering.rb:11:in `process_action'
/usr/local/lib/ruby/gems/1.9.1/gems/actionpack-3.0.7/lib/abstract_controller/callbacks.rb:18:in `block in process_action'
/usr/local/lib/ruby/gems/1.9.1/gems/activesupport-3.0.7/lib/active_support/callbacks.rb:441:in `_run__2832484259713659369__process_action__4502216895694464430__callbacks'
/usr/local/lib/ruby/gems/1.9.1/gems/activesupport-3.0.7/lib/active_support/callbacks.rb:410:in `_run_process_action_callbacks'
/usr/local/lib/ruby/gems/1.9.1/gems/activesupport-3.0.7/lib/active_support/callbacks.rb:94:in `run_callbacks'
/usr/local/lib/ruby/gems/1.9.1/gems/actionpack-3.0.7/lib/abstract_controller/callbacks.rb:17:in `process_action'
/usr/local/lib/ruby/gems/1.9.1/gems/actionpack-3.0.7/lib/action_controller/metal/instrumentation.rb:30:in `block in process_action'
/usr/local/lib/ruby/gems/1.9.1/gems/activesupport-3.0.7/lib/active_support/notifications.rb:52:in `block in instrument'
/usr/local/lib/ruby/gems/1.9.1/gems/activesupport-3.0.7/lib/active_support/notifications/instrumenter.rb:21:in `instrument'
/usr/local/lib/ruby/gems/1.9.1/gems/activesupport-3.0.7/lib/active_support/notifications.rb:52:in `instrument'
/usr/local/lib/ruby/gems/1.9.1/gems/actionpack-3.0.7/lib/action_controller/metal/instrumentation.rb:29:in `process_action'
/usr/local/lib/ruby/gems/1.9.1/gems/actionpack-3.0.7/lib/action_controller/metal/rescue.rb:17:in `process_action'
/usr/local/lib/ruby/gems/1.9.1/gems/actionpack-3.0.7/lib/abstract_controller/base.rb:119:in `process'
/usr/local/lib/ruby/gems/1.9.1/gems/actionpack-3.0.7/lib/abstract_controller/rendering.rb:41:in `process'
/usr/local/lib/ruby/gems/1.9.1/gems/actionpack-3.0.7/lib/action_controller/metal.rb:138:in `dispatch'
/usr/local/lib/ruby/gems/1.9.1/gems/actionpack-3.0.7/lib/action_controller/metal/rack_delegation.rb:14:in `dispatch'
/usr/local/lib/ruby/gems/1.9.1/gems/actionpack-3.0.7/lib/action_controller/metal.rb:178:in `block in action'
/usr/local/lib/ruby/gems/1.9.1/gems/actionpack-3.0.7/lib/action_dispatch/routing/route_set.rb:62:in `call'
/usr/local/lib/ruby/gems/1.9.1/gems/actionpack-3.0.7/lib/action_dispatch/routing/route_set.rb:62:in `dispatch'
/usr/local/lib/ruby/gems/1.9.1/gems/actionpack-3.0.7/lib/action_dispatch/routing/route_set.rb:27:in `call'
/usr/local/lib/ruby/gems/1.9.1/gems/rack-mount-0.6.14/lib/rack/mount/route_set.rb:148:in `block in call'
/usr/local/lib/ruby/gems/1.9.1/gems/rack-mount-0.6.14/lib/rack/mount/code_generation.rb:93:in `block in recognize'
/usr/local/lib/ruby/gems/1.9.1/gems/rack-mount-0.6.14/lib/rack/mount/code_generation.rb:68:in `optimized_each'
/usr/local/lib/ruby/gems/1.9.1/gems/rack-mount-0.6.14/lib/rack/mount/code_generation.rb:92:in `recognize'
/usr/local/lib/ruby/gems/1.9.1/gems/rack-mount-0.6.14/lib/rack/mount/route_set.rb:139:in `call'
/usr/local/lib/ruby/gems/1.9.1/gems/actionpack-3.0.7/lib/action_dispatch/routing/route_set.rb:493:in `call'
/usr/local/lib/ruby/gems/1.9.1/gems/actionpack-3.0.7/lib/action_dispatch/middleware/best_standards_support.rb:17:in `call'
/usr/local/lib/ruby/gems/1.9.1/gems/actionpack-3.0.7/lib/action_dispatch/middleware/head.rb:14:in `call'
/usr/local/lib/ruby/gems/1.9.1/gems/rack-1.2.3/lib/rack/methodoverride.rb:24:in `call'
/usr/local/lib/ruby/gems/1.9.1/gems/actionpack-3.0.7/lib/action_dispatch/middleware/params_parser.rb:21:in `call'
/usr/local/lib/ruby/gems/1.9.1/gems/actionpack-3.0.7/lib/action_dispatch/middleware/flash.rb:182:in `call'
/usr/local/lib/ruby/gems/1.9.1/gems/actionpack-3.0.7/lib/action_dispatch/middleware/session/abstract_store.rb:149:in `call'
/usr/local/lib/ruby/gems/1.9.1/gems/actionpack-3.0.7/lib/action_dispatch/middleware/cookies.rb:302:in `call'
/usr/local/lib/ruby/gems/1.9.1/gems/activerecord-3.0.7/lib/active_record/query_cache.rb:32:in `block in call'
/usr/local/lib/ruby/gems/1.9.1/gems/activerecord-3.0.7/lib/active_record/connection_adapters/abstract/query_cache.rb:28:in `cache'
/usr/local/lib/ruby/gems/1.9.1/gems/activerecord-3.0.7/lib/active_record/query_cache.rb:12:in `cache'
/usr/local/lib/ruby/gems/1.9.1/gems/activerecord-3.0.7/lib/active_record/query_cache.rb:31:in `call'
/usr/local/lib/ruby/gems/1.9.1/gems/activerecord-3.0.7/lib/active_record/connection_adapters/abstract/connection_pool.rb:354:in `call'
/usr/local/lib/ruby/gems/1.9.1/gems/actionpack-3.0.7/lib/action_dispatch/middleware/callbacks.rb:46:in `block in call'
/usr/local/lib/ruby/gems/1.9.1/gems/activesupport-3.0.7/lib/active_support/callbacks.rb:416:in `_run_call_callbacks'
/usr/local/lib/ruby/gems/1.9.1/gems/actionpack-3.0.7/lib/action_dispatch/middleware/callbacks.rb:44:in `call'
/usr/local/lib/ruby/gems/1.9.1/gems/rack-1.2.3/lib/rack/sendfile.rb:107:in `call'
/usr/local/lib/ruby/gems/1.9.1/gems/actionpack-3.0.7/lib/action_dispatch/middleware/remote_ip.rb:48:in `call'
/usr/local/lib/ruby/gems/1.9.1/gems/actionpack-3.0.7/lib/action_dispatch/middleware/show_exceptions.rb:47:in `call'
/usr/local/lib/ruby/gems/1.9.1/gems/railties-3.0.7/lib/rails/rack/logger.rb:13:in `call'
/usr/local/lib/ruby/gems/1.9.1/gems/rack-1.2.3/lib/rack/runtime.rb:17:in `call'
/usr/local/lib/ruby/gems/1.9.1/gems/activesupport-3.0.7/lib/active_support/cache/strategy/local_cache.rb:72:in `call'
/usr/local/lib/ruby/gems/1.9.1/gems/rack-1.2.3/lib/rack/lock.rb:11:in `block in call'
<internal:prelude>:10:in `synchronize'
/usr/local/lib/ruby/gems/1.9.1/gems/rack-1.2.3/lib/rack/lock.rb:11:in `call'
/usr/local/lib/ruby/gems/1.9.1/gems/actionpack-3.0.7/lib/action_dispatch/middleware/static.rb:30:in `call'
/usr/local/lib/ruby/gems/1.9.1/gems/railties-3.0.7/lib/rails/application.rb:168:in `call'
/usr/local/lib/ruby/gems/1.9.1/gems/railties-3.0.7/lib/rails/application.rb:77:in `method_missing'
/usr/local/lib/ruby/gems/1.9.1/gems/railties-3.0.7/lib/rails/rack/log_tailer.rb:14:in `call'
/usr/local/lib/ruby/gems/1.9.1/gems/rack-1.2.3/lib/rack/content_length.rb:13:in `call'
/usr/local/lib/ruby/gems/1.9.1/gems/rack-1.2.3/lib/rack/handler/webrick.rb:52:in `service'
/usr/local/lib/ruby/1.9.1/webrick/httpserver.rb:111:in `service'
/usr/local/lib/ruby/1.9.1/webrick/httpserver.rb:70:in `run'
/usr/local/lib/ruby/1.9.1/webrick/server.rb:183:in `block in start_thread'
Rendered sessions/home.html.erb within layouts/application (1.1ms)
Completed   in 15ms

ActionView::Template::Error (/home/jesserod/gweb/app/views/layouts/application.html.erb:12: unterminated string meets end of file
/home/jesserod/gweb/app/views/layouts/application.html.erb:12: syntax error, unexpected $end, expecting ')'):
    9: <body>
    10: 
    11: <% if session[:user_id] %>
    12: <h2 class='User_Header'> <%="LOGGED IN AS #{User.find session[:user_id].username}%> Profile <h2>
    13: <% end %>
    14: 
    15: 
  

Rendered /usr/local/lib/ruby/gems/1.9.1/gems/actionpack-3.0.7/lib/action_dispatch/middleware/templates/rescues/_trace.erb (1.0ms)
Rendered /usr/local/lib/ruby/gems/1.9.1/gems/actionpack-3.0.7/lib/action_dispatch/middleware/templates/rescues/_request_and_response.erb (9.5ms)
Rendered /usr/local/lib/ruby/gems/1.9.1/gems/actionpack-3.0.7/lib/action_dispatch/middleware/templates/rescues/template_error.erb within rescues/layout (13.7ms)


Started GET "/home" for 108.68.106.39 at 2012-10-23 13:54:56 -0700
  Processing by SessionsController#home as HTML
  [1m[36mUser Load (0.2ms)[0m  [1mSELECT "users".* FROM "users" WHERE "users"."id" = 1 LIMIT 1[0m
Rendered sessions/home.html.erb within layouts/application (1.7ms)
Completed   in 15ms

ActionView::Template::Error (undefined method `username' for 1:Fixnum):
    9: <body>
    10: 
    11: <% if session[:user_id] %>
    12: <h2 class='User_Header'> <%="LOGGED IN AS #{User.find session[:user_id].username}"%> Profile <h2>
    13: <% end %>
    14: 
    15: 
  app/views/layouts/application.html.erb:12:in `_app_views_layouts_application_html_erb__2725859226461733514_17706660__1685974908307187493'

Rendered /usr/local/lib/ruby/gems/1.9.1/gems/actionpack-3.0.7/lib/action_dispatch/middleware/templates/rescues/_trace.erb (1.0ms)
Rendered /usr/local/lib/ruby/gems/1.9.1/gems/actionpack-3.0.7/lib/action_dispatch/middleware/templates/rescues/_request_and_response.erb (9.5ms)
Rendered /usr/local/lib/ruby/gems/1.9.1/gems/actionpack-3.0.7/lib/action_dispatch/middleware/templates/rescues/template_error.erb within rescues/layout (13.7ms)


Started GET "/home" for 108.68.106.39 at 2012-10-23 13:55:06 -0700
  Processing by SessionsController#home as HTML
  [1m[35mUser Load (0.2ms)[0m  SELECT "users".* FROM "users" WHERE "users"."id" = 1 LIMIT 1
  [1m[36mCACHE (0.0ms)[0m  [1mSELECT "users".* FROM "users" WHERE "users"."id" = 1 LIMIT 1[0m
Rendered sessions/home.html.erb within layouts/application (8.6ms)
Completed 200 OK in 22ms (Views: 11.5ms | ActiveRecord: 0.2ms)


Started GET "/home" for 108.68.106.39 at 2012-10-23 13:55:27 -0700
  Processing by SessionsController#home as HTML
  [1m[35mUser Load (0.2ms)[0m  SELECT "users".* FROM "users" WHERE "users"."id" = 1 LIMIT 1
  [1m[36mCACHE (0.0ms)[0m  [1mSELECT "users".* FROM "users" WHERE "users"."id" = 1 LIMIT 1[0m
Rendered sessions/home.html.erb within layouts/application (8.9ms)
Completed 200 OK in 47ms (Views: 11.7ms | ActiveRecord: 0.2ms)


Started GET "/home" for 108.68.106.39 at 2012-10-23 13:55:54 -0700
  Processing by SessionsController#home as HTML
  [1m[35mUser Load (0.1ms)[0m  SELECT "users".* FROM "users" WHERE "users"."id" = 1 LIMIT 1
  [1m[36mCACHE (0.0ms)[0m  [1mSELECT "users".* FROM "users" WHERE "users"."id" = 1 LIMIT 1[0m
Rendered sessions/home.html.erb within layouts/application (8.8ms)
Completed 200 OK in 23ms (Views: 11.7ms | ActiveRecord: 0.1ms)


Started GET "/users" for 108.68.106.39 at 2012-10-23 13:56:00 -0700
  Processing by UsersController#index as HTML
  [1m[35mUser Load (0.3ms)[0m  SELECT "users".* FROM "users"
  [1m[36mUser Load (0.2ms)[0m  [1mSELECT "users".* FROM "users" WHERE "users"."id" = 1 LIMIT 1[0m
Rendered users/index.html.erb within layouts/application (49.9ms)
Completed 200 OK in 53ms (Views: 51.7ms | ActiveRecord: 0.6ms)


Started GET "/users" for 108.68.106.39 at 2012-10-23 13:59:03 -0700
  Processing by UsersController#index as HTML
  [1m[35mUser Load (0.3ms)[0m  SELECT "users".* FROM "users"
  [1m[36mUser Load (0.2ms)[0m  [1mSELECT "users".* FROM "users" WHERE "users"."id" = 1 LIMIT 1[0m
Rendered users/index.html.erb within layouts/application (23.9ms)
Completed 200 OK in 27ms (Views: 26.1ms | ActiveRecord: 0.5ms)


Started GET "/users" for 108.68.106.39 at 2012-10-23 14:05:17 -0700
  Processing by UsersController#index as HTML
  [1m[36mUser Load (0.4ms)[0m  [1mSELECT "users".* FROM "users"[0m
Rendered users/index.html.erb within layouts/application (75.6ms)
Completed 200 OK in 79ms (Views: 77.9ms | ActiveRecord: 0.4ms)


Started GET "/users" for 108.68.106.39 at 2012-10-23 14:14:25 -0700
  Processing by UsersController#index as HTML
  [1m[36mUser Load (0.4ms)[0m  [1mSELECT "users".* FROM "users"[0m
Rendered users/index.html.erb within layouts/application (52.4ms)
Completed 200 OK in 55ms (Views: 54.7ms | ActiveRecord: 0.4ms)


Started GET "/users" for 108.68.106.39 at 2012-10-23 14:14:28 -0700
  Processing by UsersController#index as HTML
  [1m[35mUser Load (0.2ms)[0m  SELECT "users".* FROM "users"
Rendered users/index.html.erb within layouts/application (43.3ms)
Completed 200 OK in 46ms (Views: 45.9ms | ActiveRecord: 0.2ms)
